<?xml version="1.0" encoding="UTF-8"?>
<testsuite xmlns:xsi="http://www.w3.org/2001/XMLSchema-instance" xsi:noNamespaceSchemaLocation="https://maven.apache.org/surefire/maven-surefire-plugin/xsd/surefire-test-report.xsd" name="fr.rouen.mastergil.tptest.MoneyTestJ" time="0.169" tests="9" errors="0" skipped="0" failures="0">
  <properties>
[...]
</properties>
  <testcase name="shouldSetDevise" classname="fr.rouen.mastergil.tptest.MoneyTestJ" time="0.138"/>
  <testcase name="shouldInitiateDefaultMoney" classname="fr.rouen.mastergil.tptest.MoneyTestJ" time="0.003"/>
  <testcase name="shouldSetValue" classname="fr.rouen.mastergil.tptest.MoneyTestJ" time="0.001"/>
  <testcase name="shouldInitializeConstructor" classname="fr.rouen.mastergil.tptest.MoneyTestJ" time="0.001"/>
  <testcase name="shouldSetPositiveMontant" classname="fr.rouen.mastergil.tptest.MoneyTestJ" time="0.001"/>
  <testcase name="shouldSetNegativeMontant" classname="fr.rouen.mastergil.tptest.MoneyTestJ" time="0.001"/>
  <testcase name="shouldCheckPositive" classname="fr.rouen.mastergil.tptest.MoneyTestJ" time="0.001"/>
  <testcase name="shouldCheckNegative" classname="fr.rouen.mastergil.tptest.MoneyTestJ" time="0.001"/>
  <testcase name="shouldSetDeviseWithNull" classname="fr.rouen.mastergil.tptest.MoneyTestJ" time="0.006"/>
</testsuite>